<?xml version="1.0" encoding="UTF-8" ?>
<testsuite tests="43" failures="0" name="com.bdd.testrunner.TestRunner" time="0.133" errors="0" skipped="16">
  <properties>
    <property name="java.runtime.name" value="Java(TM) SE Runtime Environment"/>
    <property name="sun.boot.library.path" value="C:\Program Files\Java\jdk1.8.0_251\jre\bin"/>
    <property name="java.vm.version" value="25.251-b08"/>
    <property name="java.vm.vendor" value="Oracle Corporation"/>
    <property name="maven.multiModuleProjectDirectory" value="I:\workspace\BDD"/>
    <property name="java.vendor.url" value="http://java.oracle.com/"/>
    <property name="path.separator" value=";"/>
    <property name="guice.disable.misplaced.annotation.check" value="true"/>
    <property name="java.vm.name" value="Java HotSpot(TM) 64-Bit Server VM"/>
    <property name="file.encoding.pkg" value="sun.io"/>
    <property name="user.script" value=""/>
    <property name="user.country" value="US"/>
    <property name="sun.java.launcher" value="SUN_STANDARD"/>
    <property name="sun.os.patch.level" value="Service Pack 1"/>
    <property name="java.vm.specification.name" value="Java Virtual Machine Specification"/>
    <property name="user.dir" value="I:\workspace\BDD"/>
    <property name="java.runtime.version" value="1.8.0_251-b08"/>
    <property name="java.awt.graphicsenv" value="sun.awt.Win32GraphicsEnvironment"/>
    <property name="java.endorsed.dirs" value="C:\Program Files\Java\jdk1.8.0_251\jre\lib\endorsed"/>
    <property name="os.arch" value="amd64"/>
    <property name="java.io.tmpdir" value="C:\Users\Brijesh\AppData\Local\Temp\"/>
    <property name="line.separator" value="
"/>
    <property name="java.vm.specification.vendor" value="Oracle Corporation"/>
    <property name="user.variant" value=""/>
    <property name="os.name" value="Windows 7"/>
    <property name="classworlds.conf" value="I:\workspace\.metadata\.plugins\org.eclipse.m2e.launching\launches\m2conf9099919958836853108.tmp"/>
    <property name="sun.jnu.encoding" value="Cp1252"/>
    <property name="java.library.path" value="C:\Program Files\Java\jdk1.8.0_251\bin;C:\Windows\Sun\Java\bin;C:\Windows\system32;C:\Windows;C:/Program Files/Java/jre1.8.0_251/bin/server;C:/Program Files/Java/jre1.8.0_251/bin;C:/Program Files/Java/jre1.8.0_251/lib/amd64;C:\Program Files (x86)\Common Files\Oracle\Java\javapath;C:\Program Files\Common Files\Microsoft Shared\Windows Live;C:\Program Files (x86)\Common Files\Microsoft Shared\Windows Live;C:\Windows\system32;C:\Windows;C:\Windows\System32\Wbem;C:\Windows\System32\WindowsPowerShell\v1.0\;C:\Program Files (x86)\ATI Technologies\ATI.ACE\Core-Static;C:\Program Files\Intel\WiFi\bin\;C:\Program Files\Common Files\Intel\WirelessCommon\;C:\Program Files (x86)\Common Files\Roxio Shared\DLLShared\;C:\Program Files (x86)\Common Files\Roxio Shared\DLLShared\;C:\Program Files (x86)\Common Files\Roxio Shared\12.0\DLLShared\;C:\Program Files\WIDCOMM\Bluetooth Software\;C:\Program Files\WIDCOMM\Bluetooth Software\syswow64;C:\Program Files\Java\jdk1.8.0_251\bin;C:\Android SDK\bin;C:\Program Files (x86)\Windows Live\Shared;C:\Program Files\dotnet\;C:\Program Files\Microsoft SQL Server\130\Tools\Binn\;C:\Program Files\Microsoft SQL Server\Client SDK\ODBC\170\Tools\Binn\;C:\apache-maven-3.6.3\bin;C:\Program Files\Git\cmd;C:\Users\Brijesh\AppData\Local\Programs\Python\Python38\Scripts\;C:\Users\Brijesh\AppData\Local\Programs\Python\Python38\;C:\Users\Brijesh\AppData\Local\GitHubDesktop\bin;C:\eclipse-jee-mars-2-win32-x86_64\eclipse;;."/>
    <property name="java.specification.name" value="Java Platform API Specification"/>
    <property name="java.class.version" value="52.0"/>
    <property name="sun.management.compiler" value="HotSpot 64-Bit Tiered Compilers"/>
    <property name="os.version" value="6.1"/>
    <property name="user.home" value="C:\Users\Brijesh"/>
    <property name="user.timezone" value="Asia/Calcutta"/>
    <property name="java.awt.printerjob" value="sun.awt.windows.WPrinterJob"/>
    <property name="java.specification.version" value="1.8"/>
    <property name="file.encoding" value="Cp1252"/>
    <property name="user.name" value="Brijesh"/>
    <property name="java.class.path" value="/C:/eclipse-jee-mars-2-win32-x86_64/eclipse/plugins/org.eclipse.m2e.maven.runtime_1.6.2.20150902-0001/jars/plexus-classworlds-2.5.2.jar"/>
    <property name="java.vm.specification.version" value="1.8"/>
    <property name="sun.arch.data.model" value="64"/>
    <property name="java.home" value="C:\Program Files\Java\jdk1.8.0_251\jre"/>
    <property name="sun.java.command" value="org.codehaus.plexus.classworlds.launcher.Launcher -B test"/>
    <property name="java.specification.vendor" value="Oracle Corporation"/>
    <property name="user.language" value="en"/>
    <property name="awt.toolkit" value="sun.awt.windows.WToolkit"/>
    <property name="java.vm.info" value="mixed mode"/>
    <property name="java.version" value="1.8.0_251"/>
    <property name="java.ext.dirs" value="C:\Program Files\Java\jdk1.8.0_251\jre\lib\ext;C:\Windows\Sun\Java\lib\ext"/>
    <property name="sun.boot.class.path" value="C:\Program Files\Java\jdk1.8.0_251\jre\lib\resources.jar;C:\Program Files\Java\jdk1.8.0_251\jre\lib\rt.jar;C:\Program Files\Java\jdk1.8.0_251\jre\lib\sunrsasign.jar;C:\Program Files\Java\jdk1.8.0_251\jre\lib\jsse.jar;C:\Program Files\Java\jdk1.8.0_251\jre\lib\jce.jar;C:\Program Files\Java\jdk1.8.0_251\jre\lib\charsets.jar;C:\Program Files\Java\jdk1.8.0_251\jre\lib\jfr.jar;C:\Program Files\Java\jdk1.8.0_251\jre\classes"/>
    <property name="java.vendor" value="Oracle Corporation"/>
    <property name="maven.home" value="I:\workspace\BDD\EMBEDDED"/>
    <property name="file.separator" value="\"/>
    <property name="java.vendor.url.bug" value="http://bugreport.sun.com/bugreport/"/>
    <property name="sun.cpu.endian" value="little"/>
    <property name="sun.io.unicode.encoding" value="UnicodeLittle"/>
    <property name="sun.desktop" value="windows"/>
    <property name="sun.cpu.isalist" value="amd64"/>
  </properties>
  <testcase classname="Scenario: Editing the profile" name="Given I am on Github home page" time="0.003"/>
  <testcase classname="Scenario: Editing the profile" name="When I specify Username as “xxxxxxxxxxxxxxxxxxxx” and Password as “xxx”" time="0"/>
  <testcase classname="Scenario: Editing the profile" name="And Click on SignIn button" time="0"/>
  <testcase classname="Scenario: Editing the profile" name="Given I click on Your Profile option" time="0"/>
  <testcase classname="Scenario: Editing the profile" name="When I click on edit profile button" time="0"/>
  <testcase classname="Scenario: Editing the profile" name="And Uploaded new picture" time="0"/>
  <testcase classname="Scenario: Editing the profile" name="Then I should be seeing new profile picture" time="0"/>
  <testcase classname="Scenario: Editing the profile" name="Scenario: Editing the profile" time="0.001"/>
  <testcase classname="Scenario: updating the profile" name="Given I am on Github home page" time="0"/>
  <testcase classname="Scenario: updating the profile" name="When I specify Username as “xxxxxxxxxxxxxxxxxxxx” and Password as “xxx”" time="0"/>
  <testcase classname="Scenario: updating the profile" name="And Click on SignIn button" time="0"/>
  <testcase classname="Scenario: updating the profile" name="Given I click on Your Profile option" time="0"/>
  <testcase classname="Scenario: updating the profile" name="When I click on edit profile button" time="0"/>
  <testcase classname="Scenario: updating the profile" name="And Uploaded new picture" time="0"/>
  <testcase classname="Scenario: updating the profile" name="Then I should be seeing new profile picture" time="0"/>
  <testcase classname="Scenario: updating the profile" name="Scenario: updating the profile" time="0.001"/>
  <testcase classname="Scenario: Title of your scenario" name="Given I want to write a step with precondition" time="0.006">
    <skipped/>
  </testcase>
  <testcase classname="Scenario: Title of your scenario" name="And some other precondition" time="0.007">
    <skipped/>
  </testcase>
  <testcase classname="Scenario: Title of your scenario" name="When I complete action" time="0.008">
    <skipped/>
  </testcase>
  <testcase classname="Scenario: Title of your scenario" name="And some other action" time="0.008">
    <skipped/>
  </testcase>
  <testcase classname="Scenario: Title of your scenario" name="And yet another action" time="0.009">
    <skipped/>
  </testcase>
  <testcase classname="Scenario: Title of your scenario" name="Then I validate the outcomes" time="0.01">
    <skipped/>
  </testcase>
  <testcase classname="Scenario: Title of your scenario" name="And check more outcomes" time="0.01">
    <skipped/>
  </testcase>
  <testcase classname="Scenario: Title of your scenario" name="Scenario: Title of your scenario" time="0.011">
    <skipped/>
  </testcase>
  <testcase classname="Scenario: Title of your scenario" name="Scenario: Title of your scenario" time="0.011"/>
  <testcase classname="| name1 | 5 | success |" name="Given I want to write a step with name1" time="0.004">
    <skipped/>
  </testcase>
  <testcase classname="| name1 | 5 | success |" name="When I check for the 5 in step" time="0.004">
    <skipped/>
  </testcase>
  <testcase classname="| name1 | 5 | success |" name="Then I verify the success in step" time="0.005">
    <skipped/>
  </testcase>
  <testcase classname="| name1 | 5 | success |" name="| name1 | 5 | success |" time="0.005">
    <skipped/>
  </testcase>
  <testcase classname="| name1 | 5 | success |" name="| name1 | 5 | success |" time="0.006"/>
  <testcase classname="| name2 | 7 | Fail |" name="Given I want to write a step with name2" time="0.003">
    <skipped/>
  </testcase>
  <testcase classname="| name2 | 7 | Fail |" name="When I check for the 7 in step" time="0.004">
    <skipped/>
  </testcase>
  <testcase classname="| name2 | 7 | Fail |" name="Then I verify the Fail in step" time="0.005">
    <skipped/>
  </testcase>
  <testcase classname="| name2 | 7 | Fail |" name="| name2 | 7 | Fail |" time="0.006">
    <skipped/>
  </testcase>
  <testcase classname="| name2 | 7 | Fail |" name="| name2 | 7 | Fail |" time="0.006"/>
  <testcase classname="Scenario: updating the profile" name="Given I am on Github home page" time="0"/>
  <testcase classname="Scenario: updating the profile" name="When I specify Username as “xxxxxxxxxxxxxxxxxxxx” and Password as “xxx”" time="0"/>
  <testcase classname="Scenario: updating the profile" name="And Click on SignIn button" time="0"/>
  <testcase classname="Scenario: updating the profile" name="Given I click on Your Profile option" time="0"/>
  <testcase classname="Scenario: updating the profile" name="When I click on edit profile button" time="0"/>
  <testcase classname="Scenario: updating the profile" name="And Uploaded new picture" time="0"/>
  <testcase classname="Scenario: updating the profile" name="Then I should be seeing new profile picture" time="0"/>
  <testcase classname="Scenario: updating the profile" name="Scenario: updating the profile" time="0"/>
</testsuite>